<?xml version="1.0" encoding="UTF-8"?>
<!-- Generated by org.testng.reporters.JUnitXMLReporter -->
<testsuite ignored="0" hostname="DESKTOP-7H6R1R9" failures="0" tests="5" name="Default test" time="0.149" errors="0" timestamp="2023-05-05T14:06:58 IST">
  <testcase classname="com.mahesh.automation.seleniumcore.ParametersDemo" name="hardwork" time="0.012"/>
  <testcase classname="com.mahesh.automation.seleniumcore.ParametersDemo" name="hardwork" time="0.003"/>
  <testcase classname="com.mahesh.automation.seleniumcore.ParametersDemo" name="hardwork" time="0.003"/>
  <testcase classname="com.mahesh.automation.seleniumcore.ParametersDemo" name="hardwork" time="0.005"/>
  <testcase classname="com.mahesh.automation.seleniumcore.ParametersDemo" name="hardwork" time="0.011"/>
</testsuite> <!-- Default test -->
