<?xml version="1.0" encoding="UTF-8"?>
<!-- Generated by org.testng.reporters.JUnitXMLReporter -->
<testsuite ignored="7" hostname="DESKTOP-7H6R1R9" failures="0" tests="13" name="Test" time="0.254" errors="0" timestamp="2023-04-29T17:10:40 IST">
  <testcase classname="com.flipkart.men.tcs.FpMenTest2" name="men2" time="0.013"/>
  <testcase classname="com.flipkart.men.tcs.FpMenTest5" name="men5" time="0.004"/>
  <testcase classname="com.flipkart.men.tcs.FpMenTest1" name="men1" time="0.004"/>
  <testcase classname="com.flipkart.women.tcs.FpWomenTest1" name="women1" time="0.007"/>
  <testcase classname="com.flipkart.women.tcs.FpWomenTest2" name="women2" time="0.007"/>
  <testcase classname="com.flipkart.women.tcs.FpWomenTest4" name="women4" time="0.007"/>
  <testcase classname="com.flipkart.women.tcs.FpWomenTest5" name="women5" time="0.007"/>
  <testcase classname="com.flipkart.kids.tcs.FpKidsTest1" name="kids1" time="0.004"/>
  <testcase classname="com.flipkart.kids.tcs.FpKidsTest2" name="kids2" time="0.003"/>
  <testcase classname="com.flipkart.kids.tcs.FpKidsTest3" name="kids3" time="0.003"/>
  <testcase classname="com.flipkart.kids.tcs.FpKidsTest3" name="kids333" time="0.003"/>
  <testcase classname="com.flipkart.kids.tcs.FpKidsTest4" name="kids4" time="0.004"/>
  <testcase classname="com.flipkart.kids.tcs.FpKidsTest6" name="kids6" time="0.003"/>
  <testcase classname="com.flipkart.men.tcs.FpMenTest3" name="men3" time="0.0">
    <ignored/>
  </testcase> <!-- men3 -->
  <testcase classname="com.flipkart.women.tcs.FpWomenTest3" name="women3" time="0.0">
    <ignored/>
  </testcase> <!-- women3 -->
  <testcase classname="com.flipkart.men.tcs.FpMenTest4" name="men4" time="0.0">
    <ignored/>
  </testcase> <!-- men4 -->
  <testcase classname="com.flipkart.kids.tcs.FpKidsTest5" name="kids5" time="0.0">
    <ignored/>
  </testcase> <!-- kids5 -->
  <testcase classname="com.flipkart.kids.tcs.FpKidsTest7" name="kids7" time="0.0">
    <ignored/>
  </testcase> <!-- kids7 -->
  <testcase classname="com.flipkart.kids.tcs.FpKidsTest1" name="kids11" time="0.0">
    <ignored/>
  </testcase> <!-- kids11 -->
  <testcase classname="com.flipkart.kids.tcs.FpKidsTest3" name="kids33" time="0.0">
    <ignored/>
  </testcase> <!-- kids33 -->
</testsuite> <!-- Test -->
